#
# A fatal error has been detected by the Java Runtime Environment:
#
#  EXCEPTION_ACCESS_VIOLATION (0xc0000005) at pc=0x0000000070662ce0, pid=3496, tid=0x0000000000000544
#
# JRE version: Java(TM) SE Runtime Environment (8.0_161-b12) (build 1.8.0_161-b12)
# Java VM: Java HotSpot(TM) 64-Bit Server VM (25.161-b12 mixed mode windows-amd64 compressed oops)
# Problematic frame:
# V  [jvm.dll+0x4a2ce0]
#
# Failed to write core dump. Minidumps are not enabled by default on client versions of Windows
#
# If you would like to submit a bug report, please visit:
#   http://bugreport.java.com/bugreport/crash.jsp
#

---------------  T H R E A D  ---------------

Current thread (0x0000000056ee8800):  JavaThread "C2 CompilerThread0" daemon [_thread_in_native, id=1348, stack(0x00000000580c0000,0x00000000581c0000)]

siginfo: ExceptionCode=0xc0000005, writing address 0xffffffffffffff8b

Registers:
RAX=0x0000000000000000, RBX=0x000000005a41b7b0, RCX=0x00000000581bbf10, RDX=0x0000000000000001
RSP=0x00000000581bbe78, RBP=0x0000000000000ec0, RSI=0x00000000581bc230, RDI=0x0000000000000abf
R8 =0x0000000000000001, R9 =0x0000000058f06fe0, R10=0x00000000701c0000, R11=0x000000005a4e9ed0
R12=0x00000000709dffa0, R13=0x0000000059ae66c0, R14=0x0000000000071880, R15=0x00000000701c0000
RIP=0x0000000070662ce0, EFLAGS=0x0000000000010246

Top of Stack: (sp=0x00000000581bbe78)
0x00000000581bbe78:   000000007062b25f 00000000581bc250
0x00000000581bbe88:   000000005a413fb0 0000000000000ec0
0x00000000581bbe98:   00000000581bc230 00001f6900000000
0x00000000581bbea8:   0000000000000008 000000005929d900
0x00000000581bbeb8:   0000000000000020 0000000058d112f0
0x00000000581bbec8:   0000000000000020 000000005a452350
0x00000000581bbed8:   00001f6900000000 0000000000000008
0x00000000581bbee8:   0000000059e7e880 0000000000000020
0x00000000581bbef8:   0000000059bfcd70 0000000000000020
0x00000000581bbf08:   000000005a443850 00000ac400000000
0x00000000581bbf18:   0000000000000006 0000000058e0f6a0
0x00000000581bbf28:   000000000000000b 00000000591cee00
0x00000000581bbf38:   0000000000000020 00000000581bc250
0x00000000581bbf48:   0000000000000020 00000000582277e8
0x00000000581bbf58:   00000000581bc230 0000000000000ec0
0x00000000581bbf68:   000000005a452350 0000000000001038 

Instructions: (pc=0x0000000070662ce0)
0x0000000070662cc0:   bb 90 00 00 00 72 e9 48 8b 5c 24 40 48 83 c4 20
0x0000000070662cd0:   5f c3 cc cc cc cc cc cc cc cc cc cc cc cc cc cc
0x0000000070662ce0:   40 57 48 83 ec 20 48 63 51 08 48 8b f9 83 fa 08
0x0000000070662cf0:   73 22 48 8b 41 10 48 8d 0c 90 66 0f 1f 44 00 00 


Register to memory mapping:

RAX=0x0000000000000000 is an unknown value
RBX=0x000000005a41b7b0 is an unknown value
RCX=0x00000000581bbf10 is pointing into the stack for thread: 0x0000000056ee8800
RDX=0x0000000000000001 is an unknown value
RSP=0x00000000581bbe78 is pointing into the stack for thread: 0x0000000056ee8800
RBP=0x0000000000000ec0 is an unknown value
RSI=0x00000000581bc230 is pointing into the stack for thread: 0x0000000056ee8800
RDI=0x0000000000000abf is an unknown value
R8 =0x0000000000000001 is an unknown value
R9 =0x0000000058f06fe0 is an unknown value
R10=0x00000000701c0000 is an unknown value
R11=0x000000005a4e9ed0 is an unknown value
R12=0x00000000709dffa0 is an unknown value
R13=0x0000000059ae66c0 is an unknown value
R14=0x0000000000071880 is an unknown value
R15=0x00000000701c0000 is an unknown value


Stack: [0x00000000580c0000,0x00000000581c0000],  sp=0x00000000581bbe78,  free space=1007k
Native frames: (J=compiled Java code, j=interpreted, Vv=VM code, C=native code)
V  [jvm.dll+0x4a2ce0]
V  [jvm.dll+0x46b25f]
V  [jvm.dll+0x46cd28]
V  [jvm.dll+0x46cf16]
V  [jvm.dll+0x46aaa4]
V  [jvm.dll+0x469b04]
V  [jvm.dll+0x47505b]
V  [jvm.dll+0x477967]
V  [jvm.dll+0x45a172]
V  [jvm.dll+0xa6052]
V  [jvm.dll+0xa699f]
V  [jvm.dll+0x24533f]
V  [jvm.dll+0x29cc4a]
C  [msvcr100.dll+0x21d9f]
C  [msvcr100.dll+0x21e3b]
C  [kernel32.dll+0x159cd]
C  [ntdll.dll+0x2a561]


Current CompileTask:
C2:   7406 2099       4       com.android.dx.ssa.SsaMethod::mapRegisters (87 bytes)


---------------  P R O C E S S  ---------------

Java Threads: ( => current thread )
  0x0000000058409000 JavaThread "pool-2-thread-1" [_thread_blocked, id=5340, stack(0x0000000058ae0000,0x0000000058be0000)]
  0x0000000058406800 JavaThread "pool-1-thread-1" [_thread_in_Java, id=3836, stack(0x0000000058910000,0x0000000058a10000)]
  0x00000000581d8800 JavaThread "Service Thread" daemon [_thread_blocked, id=956, stack(0x00000000587b0000,0x00000000588b0000)]
  0x0000000056f41800 JavaThread "C1 CompilerThread1" daemon [_thread_blocked, id=4460, stack(0x0000000057ef0000,0x0000000057ff0000)]
=>0x0000000056ee8800 JavaThread "C2 CompilerThread0" daemon [_thread_in_native, id=1348, stack(0x00000000580c0000,0x00000000581c0000)]
  0x0000000056ee6800 JavaThread "Attach Listener" daemon [_thread_blocked, id=1376, stack(0x0000000057960000,0x0000000057a60000)]
  0x0000000056ee5000 JavaThread "Signal Dispatcher" daemon [_thread_blocked, id=2316, stack(0x0000000057df0000,0x0000000057ef0000)]
  0x0000000056ed0800 JavaThread "Finalizer" daemon [_thread_blocked, id=2148, stack(0x0000000057c00000,0x0000000057d00000)]
  0x0000000056e87000 JavaThread "Reference Handler" daemon [_thread_blocked, id=5132, stack(0x0000000057aa0000,0x0000000057ba0000)]
  0x000000000014f000 JavaThread "main" [_thread_in_Java, id=640, stack(0x0000000001f50000,0x0000000002050000)]

Other Threads:
  0x0000000056e7f000 VMThread [stack: 0x0000000057850000,0x0000000057950000] [id=5516]
  0x00000000581db800 WatcherThread [stack: 0x00000000585e0000,0x00000000586e0000] [id=5344]

VM state:not at safepoint (normal execution)

VM Mutex/Monitor currently owned by a thread: None

Heap:
 PSYoungGen      total 294400K, used 192967K [0x00000000d5d00000, 0x00000000ea200000, 0x0000000100000000)
  eden space 263680K, 63% used [0x00000000d5d00000,0x00000000e01009c0,0x00000000e5e80000)
  from space 30720K, 81% used [0x00000000e7f00000,0x00000000e9771428,0x00000000e9d00000)
  to   space 33280K, 0% used [0x00000000e5e80000,0x00000000e5e80000,0x00000000e7f00000)
 ParOldGen       total 87552K, used 54204K [0x0000000081600000, 0x0000000086b80000, 0x00000000d5d00000)
  object space 87552K, 61% used [0x0000000081600000,0x0000000084aef1b8,0x0000000086b80000)
 Metaspace       used 6687K, capacity 7256K, committed 7424K, reserved 1056768K
  class space    used 640K, capacity 656K, committed 768K, reserved 1048576K

Card table byte_map: [0x0000000011760000,0x0000000011b60000] byte_map_base: 0x0000000011355000

Marking Bits: (ParMarkBitMap*) 0x00000000709df860
 Begin Bits: [0x0000000012200000, 0x00000000141a8000)
 End Bits:   [0x00000000141a8000, 0x0000000016150000)

Polling page: 0x0000000000130000

CodeCache: size=245760Kb used=8658Kb max_used=8658Kb free=237101Kb
 bounds [0x00000000023a0000, 0x0000000002c20000, 0x00000000113a0000]
 total_blobs=2321 nmethods=2051 adapters=183
 compilation: enabled

Compilation events (10 events):
Event: 7.190 Thread 0x0000000056f41800 2111       3       com.android.dx.ssa.PhiInsn::predBlocksForReg (73 bytes)
Event: 7.192 Thread 0x0000000056f41800 nmethod 2111 0x0000000002c1a010 code [0x0000000002c1a280, 0x0000000002c1b298]
Event: 7.193 Thread 0x0000000056f41800 2112       2       com.android.dx.rop.code.SwitchInsn::<init> (49 bytes)
Event: 7.193 Thread 0x0000000056f41800 nmethod 2112 0x0000000002bf46d0 code [0x0000000002bf4860, 0x0000000002bf4b68]
Event: 7.219 Thread 0x0000000056f41800 2114       2       com.android.dx.rop.code.RegisterSpecList::indexOfRegister (38 bytes)
Event: 7.220 Thread 0x0000000056f41800 nmethod 2114 0x0000000002bf4150 code [0x0000000002bf42c0, 0x0000000002bf4508]
Event: 7.228 Thread 0x0000000056f41800 2115       1       java.util.TreeMap$Entry::getKey (5 bytes)
Event: 7.228 Thread 0x0000000056f41800 nmethod 2115 0x0000000002c0f290 code [0x0000000002c0f3e0, 0x0000000002c0f4f0]
Event: 7.307 Thread 0x0000000056f41800 2116       1       com.android.dx.rop.cst.CstFloat::getType (4 bytes)
Event: 7.307 Thread 0x0000000056f41800 nmethod 2116 0x0000000002bf9c50 code [0x0000000002bf9da0, 0x0000000002bf9eb0]

GC Heap History (10 events):
Event: 1.776 GC heap before
{Heap before GC invocations=2 (full 0):
 PSYoungGen      total 38400K, used 38395K [0x00000000d5d00000, 0x00000000da800000, 0x0000000100000000)
  eden space 33280K, 100% used [0x00000000d5d00000,0x00000000d7d80000,0x00000000d7d80000)
  from space 5120K, 99% used [0x00000000d7d80000,0x00000000d827ee78,0x00000000d8280000)
  to   space 5120K, 0% used [0x00000000da300000,0x00000000da300000,0x00000000da800000)
 ParOldGen       total 87552K, used 1258K [0x0000000081600000, 0x0000000086b80000, 0x00000000d5d00000)
  object space 87552K, 1% used [0x0000000081600000,0x000000008173aa78,0x0000000086b80000)
 Metaspace       used 6147K, capacity 6904K, committed 7040K, reserved 1056768K
  class space    used 592K, capacity 624K, committed 640K, reserved 1048576K
Event: 1.812 GC heap after
Heap after GC invocations=2 (full 0):
 PSYoungGen      total 71680K, used 5107K [0x00000000d5d00000, 0x00000000da800000, 0x0000000100000000)
  eden space 66560K, 0% used [0x00000000d5d00000,0x00000000d5d00000,0x00000000d9e00000)
  from space 5120K, 99% used [0x00000000da300000,0x00000000da7fce50,0x00000000da800000)
  to   space 5120K, 0% used [0x00000000d9e00000,0x00000000d9e00000,0x00000000da300000)
 ParOldGen       total 87552K, used 6141K [0x0000000081600000, 0x0000000086b80000, 0x00000000d5d00000)
  object space 87552K, 7% used [0x0000000081600000,0x0000000081bff580,0x0000000086b80000)
 Metaspace       used 6147K, capacity 6904K, committed 7040K, reserved 1056768K
  class space    used 592K, capacity 624K, committed 640K, reserved 1048576K
}
Event: 2.575 GC heap before
{Heap before GC invocations=3 (full 0):
 PSYoungGen      total 71680K, used 71667K [0x00000000d5d00000, 0x00000000da800000, 0x0000000100000000)
  eden space 66560K, 100% used [0x00000000d5d00000,0x00000000d9e00000,0x00000000d9e00000)
  from space 5120K, 99% used [0x00000000da300000,0x00000000da7fce50,0x00000000da800000)
  to   space 5120K, 0% used [0x00000000d9e00000,0x00000000d9e00000,0x00000000da300000)
 ParOldGen       total 87552K, used 6141K [0x0000000081600000, 0x0000000086b80000, 0x00000000d5d00000)
  object space 87552K, 7% used [0x0000000081600000,0x0000000081bff580,0x0000000086b80000)
 Metaspace       used 6302K, capacity 7064K, committed 7424K, reserved 1056768K
  class space    used 603K, capacity 656K, committed 768K, reserved 1048576K
Event: 2.629 GC heap after
Heap after GC invocations=3 (full 0):
 PSYoungGen      total 71680K, used 5110K [0x00000000d5d00000, 0x00000000de900000, 0x0000000100000000)
  eden space 66560K, 0% used [0x00000000d5d00000,0x00000000d5d00000,0x00000000d9e00000)
  from space 5120K, 99% used [0x00000000d9e00000,0x00000000da2fdbb0,0x00000000da300000)
  to   space 5120K, 0% used [0x00000000de400000,0x00000000de400000,0x00000000de900000)
 ParOldGen       total 87552K, used 19665K [0x0000000081600000, 0x0000000086b80000, 0x00000000d5d00000)
  object space 87552K, 22% used [0x0000000081600000,0x00000000829347e8,0x0000000086b80000)
 Metaspace       used 6302K, capacity 7064K, committed 7424K, reserved 1056768K
  class space    used 603K, capacity 656K, committed 768K, reserved 1048576K
}
Event: 3.097 GC heap before
{Heap before GC invocations=4 (full 0):
 PSYoungGen      total 71680K, used 71670K [0x00000000d5d00000, 0x00000000de900000, 0x0000000100000000)
  eden space 66560K, 100% used [0x00000000d5d00000,0x00000000d9e00000,0x00000000d9e00000)
  from space 5120K, 99% used [0x00000000d9e00000,0x00000000da2fdbb0,0x00000000da300000)
  to   space 5120K, 0% used [0x00000000de400000,0x00000000de400000,0x00000000de900000)
 ParOldGen       total 87552K, used 19665K [0x0000000081600000, 0x0000000086b80000, 0x00000000d5d00000)
  object space 87552K, 22% used [0x0000000081600000,0x00000000829347e8,0x0000000086b80000)
 Metaspace       used 6332K, capacity 7064K, committed 7424K, reserved 1056768K
  class space    used 603K, capacity 656K, committed 768K, reserved 1048576K
Event: 3.174 GC heap after
Heap after GC invocations=4 (full 0):
 PSYoungGen      total 138240K, used 5111K [0x00000000d5d00000, 0x00000000de900000, 0x0000000100000000)
  eden space 133120K, 0% used [0x00000000d5d00000,0x00000000d5d00000,0x00000000ddf00000)
  from space 5120K, 99% used [0x00000000de400000,0x00000000de8fde30,0x00000000de900000)
  to   space 5120K, 0% used [0x00000000ddf00000,0x00000000ddf00000,0x00000000de400000)
 ParOldGen       total 87552K, used 34095K [0x0000000081600000, 0x0000000086b80000, 0x00000000d5d00000)
  object space 87552K, 38% used [0x0000000081600000,0x000000008374be80,0x0000000086b80000)
 Metaspace       used 6332K, capacity 7064K, committed 7424K, reserved 1056768K
  class space    used 603K, capacity 656K, committed 768K, reserved 1048576K
}
Event: 4.406 GC heap before
{Heap before GC invocations=5 (full 0):
 PSYoungGen      total 138240K, used 138231K [0x00000000d5d00000, 0x00000000de900000, 0x0000000100000000)
  eden space 133120K, 100% used [0x00000000d5d00000,0x00000000ddf00000,0x00000000ddf00000)
  from space 5120K, 99% used [0x00000000de400000,0x00000000de8fde30,0x00000000de900000)
  to   space 5120K, 0% used [0x00000000ddf00000,0x00000000ddf00000,0x00000000de400000)
 ParOldGen       total 87552K, used 34095K [0x0000000081600000, 0x0000000086b80000, 0x00000000d5d00000)
  object space 87552K, 38% used [0x0000000081600000,0x000000008374be80,0x0000000086b80000)
 Metaspace       used 6535K, capacity 7192K, committed 7424K, reserved 1056768K
  class space    used 621K, capacity 656K, committed 768K, reserved 1048576K
Event: 4.492 GC heap after
Heap after GC invocations=5 (full 0):
 PSYoungGen      total 138240K, used 5115K [0x00000000d5d00000, 0x00000000e9d00000, 0x0000000100000000)
  eden space 133120K, 0% used [0x00000000d5d00000,0x00000000d5d00000,0x00000000ddf00000)
  from space 5120K, 99% used [0x00000000ddf00000,0x00000000de3fed00,0x00000000de400000)
  to   space 30720K, 0% used [0x00000000e7f00000,0x00000000e7f00000,0x00000000e9d00000)
 ParOldGen       total 87552K, used 54204K [0x0000000081600000, 0x0000000086b80000, 0x00000000d5d00000)
  object space 87552K, 61% used [0x0000000081600000,0x0000000084aef1b8,0x0000000086b80000)
 Metaspace       used 6535K, capacity 7192K, committed 7424K, reserved 1056768K
  class space    used 621K, capacity 656K, committed 768K, reserved 1048576K
}
Event: 5.740 GC heap before
{Heap before GC invocations=6 (full 0):
 PSYoungGen      total 138240K, used 138235K [0x00000000d5d00000, 0x00000000e9d00000, 0x0000000100000000)
  eden space 133120K, 100% used [0x00000000d5d00000,0x00000000ddf00000,0x00000000ddf00000)
  from space 5120K, 99% used [0x00000000ddf00000,0x00000000de3fed00,0x00000000de400000)
  to   space 30720K, 0% used [0x00000000e7f00000,0x00000000e7f00000,0x00000000e9d00000)
 ParOldGen       total 87552K, used 54204K [0x0000000081600000, 0x0000000086b80000, 0x00000000d5d00000)
  object space 87552K, 61% used [0x0000000081600000,0x0000000084aef1b8,0x0000000086b80000)
 Metaspace       used 6576K, capacity 7256K, committed 7424K, reserved 1056768K
  class space    used 621K, capacity 656K, committed 768K, reserved 1048576K
Event: 6.008 GC heap after
Heap after GC invocations=6 (full 0):
 PSYoungGen      total 294400K, used 25029K [0x00000000d5d00000, 0x00000000ea200000, 0x0000000100000000)
  eden space 263680K, 0% used [0x00000000d5d00000,0x00000000d5d00000,0x00000000e5e80000)
  from space 30720K, 81% used [0x00000000e7f00000,0x00000000e9771428,0x00000000e9d00000)
  to   space 33280K, 0% used [0x00000000e5e80000,0x00000000e5e80000,0x00000000e7f00000)
 ParOldGen       total 87552K, used 54204K [0x0000000081600000, 0x0000000086b80000, 0x00000000d5d00000)
  object space 87552K, 61% used [0x0000000081600000,0x0000000084aef1b8,0x0000000086b80000)
 Metaspace       used 6576K, capacity 7256K, committed 7424K, reserved 1056768K
  class space    used 621K, capacity 656K, committed 768K, reserved 1048576K
}

Deoptimization events (10 events):
Event: 5.617 Thread 0x000000000014f000 Uncommon trap: reason=unstable_if action=reinterpret pc=0x000000000272e20c method=com.android.dx.ssa.SsaMethod.updateOneDefinition(Lcom/android/dx/ssa/SsaInsn;Lcom/android/dx/rop/code/RegisterSpec;)V @ 4
Event: 6.032 Thread 0x000000000014f000 Uncommon trap: reason=speculate_class_check action=maybe_recompile pc=0x0000000002bb6110 method=com.android.dx.ssa.SsaInsn.mapRegisters(Lcom/android/dx/ssa/RegisterMapper;)V @ 31
Event: 6.034 Thread 0x000000000014f000 Uncommon trap: reason=speculate_class_check action=maybe_recompile pc=0x0000000002bb6110 method=com.android.dx.ssa.SsaInsn.mapRegisters(Lcom/android/dx/ssa/RegisterMapper;)V @ 31
Event: 6.036 Thread 0x000000000014f000 Uncommon trap: reason=speculate_class_check action=maybe_recompile pc=0x0000000002bb6110 method=com.android.dx.ssa.SsaInsn.mapRegisters(Lcom/android/dx/ssa/RegisterMapper;)V @ 31
Event: 6.038 Thread 0x000000000014f000 Uncommon trap: reason=speculate_class_check action=maybe_recompile pc=0x0000000002bb6110 method=com.android.dx.ssa.SsaInsn.mapRegisters(Lcom/android/dx/ssa/RegisterMapper;)V @ 31
Event: 6.045 Thread 0x000000000014f000 Uncommon trap: reason=speculate_class_check action=maybe_recompile pc=0x0000000002b4dcb0 method=com.android.dx.ssa.SsaInsn.mapRegisters(Lcom/android/dx/ssa/RegisterMapper;)V @ 31
Event: 6.361 Thread 0x0000000058406800 Uncommon trap: reason=unstable_if action=reinterpret pc=0x0000000002bdac70 method=com.android.dx.ssa.SsaRenamer$BlockRenamer.visitMoveInsn(Lcom/android/dx/ssa/NormalSsaInsn;)V @ 64
Event: 6.710 Thread 0x0000000058406800 Uncommon trap: reason=class_check action=maybe_recompile pc=0x00000000029f40fc method=java.util.HashMap.putVal(ILjava/lang/Object;Ljava/lang/Object;ZZ)Ljava/lang/Object; @ 203
Event: 6.768 Thread 0x0000000058406800 Uncommon trap: reason=unstable_if action=reinterpret pc=0x0000000002645644 method=java.util.HashMap.getNode(ILjava/lang/Object;)Ljava/util/HashMap$Node; @ 84
Event: 6.947 Thread 0x000000000014f000 Uncommon trap: reason=unstable_if action=reinterpret pc=0x0000000002bf7614 method=java.util.HashMap.putVal(ILjava/lang/Object;Ljava/lang/Object;ZZ)Ljava/lang/Object; @ 162

Classes redefined (0 events):
No events

Internal exceptions (6 events):
Event: 0.037 Thread 0x000000000014f000 Exception <a 'java/lang/NoSuchMethodError': Method sun.misc.Unsafe.defineClass(Ljava/lang/String;[BII)Ljava/lang/Class; name or signature does not match> (0x00000000d5d07ca0) thrown at [C:\re\workspace\8-2-build-windows-amd64-cygwin\jdk8u161\10277\hotspot
Event: 0.037 Thread 0x000000000014f000 Exception <a 'java/lang/NoSuchMethodError': Method sun.misc.Unsafe.prefetchRead(Ljava/lang/Object;J)V name or signature does not match> (0x00000000d5d07f88) thrown at [C:\re\workspace\8-2-build-windows-amd64-cygwin\jdk8u161\10277\hotspot\src\share\vm\prim
Event: 3.917 Thread 0x0000000058406800 Implicit null exception at 0x00000000026c8092 to 0x00000000026c8182
Event: 6.756 Thread 0x0000000058406800 Exception <a 'java/lang/ArrayIndexOutOfBoundsException': 18> (0x00000000dabb7db0) thrown at [C:\re\workspace\8-2-build-windows-amd64-cygwin\jdk8u161\10277\hotspot\src\share\vm\interpreter\interpreterRuntime.cpp, line 366]
Event: 6.756 Thread 0x0000000058406800 Exception <a 'java/lang/ArrayIndexOutOfBoundsException': 145> (0x00000000dabb9930) thrown at [C:\re\workspace\8-2-build-windows-amd64-cygwin\jdk8u161\10277\hotspot\src\share\vm\interpreter\interpreterRuntime.cpp, line 366]
Event: 6.757 Thread 0x0000000058406800 Exception <a 'java/lang/ArrayIndexOutOfBoundsException'> (0x00000000dabbac18) thrown at [C:\re\workspace\8-2-build-windows-amd64-cygwin\jdk8u161\10277\hotspot\src\share\vm\runtime\sharedRuntime.cpp, line 605]

Events (10 events):
Event: 6.768 Thread 0x0000000058406800 DEOPT UNPACKING pc=0x00000000023e583b sp=0x0000000058a0e758 mode 2
Event: 6.788 Thread 0x000000000014f000 DEOPT PACKING pc=0x0000000002bb2571 sp=0x000000000204e0f0
Event: 6.788 Thread 0x000000000014f000 DEOPT UNPACKING pc=0x00000000023e7490 sp=0x000000000204de50 mode 0
Event: 6.947 Thread 0x000000000014f000 Uncommon trap: trap_request=0xffffff65 fr.pc=0x0000000002bf7614
Event: 6.947 Thread 0x000000000014f000 DEOPT PACKING pc=0x0000000002bf7614 sp=0x000000000204dbf0
Event: 6.947 Thread 0x000000000014f000 DEOPT UNPACKING pc=0x00000000023e583b sp=0x000000000204db78 mode 2
Event: 7.077 Thread 0x000000000014f000 DEOPT PACKING pc=0x0000000002bb2571 sp=0x000000000204e040
Event: 7.077 Thread 0x000000000014f000 DEOPT UNPACKING pc=0x00000000023e7490 sp=0x000000000204dda0 mode 0
Event: 7.326 Thread 0x0000000058406800 DEOPT PACKING pc=0x0000000002bb2571 sp=0x0000000058a0eb40
Event: 7.326 Thread 0x0000000058406800 DEOPT UNPACKING pc=0x00000000023e7490 sp=0x0000000058a0e8a0 mode 0


Dynamic libraries:
0x000000013ffe0000 - 0x0000000140017000 	C:\Program Files\Java\jdk1.8.0_161\bin\java.exe
0x0000000077bc0000 - 0x0000000077d6a000 	C:\Windows\SYSTEM32\ntdll.dll
0x00000000779a0000 - 0x0000000077abf000 	C:\Windows\system32\kernel32.dll
0x000007fefd8d0000 - 0x000007fefd93a000 	C:\Windows\system32\KERNELBASE.dll
0x000007fefeb00000 - 0x000007fefebdb000 	C:\Windows\system32\ADVAPI32.dll
0x000007fefe990000 - 0x000007fefea2f000 	C:\Windows\system32\msvcrt.dll
0x000007fefe050000 - 0x000007fefe06f000 	C:\Windows\SYSTEM32\sechost.dll
0x000007fefe1b0000 - 0x000007fefe2dd000 	C:\Windows\system32\RPCRT4.dll
0x0000000077ac0000 - 0x0000000077bba000 	C:\Windows\system32\USER32.dll
0x000007fefe910000 - 0x000007fefe977000 	C:\Windows\system32\GDI32.dll
0x000007fefe980000 - 0x000007fefe98e000 	C:\Windows\system32\LPK.dll
0x000007fefea30000 - 0x000007fefeafb000 	C:\Windows\system32\USP10.dll
0x000007fefbf40000 - 0x000007fefc134000 	C:\Windows\WinSxS\amd64_microsoft.windows.common-controls_6595b64144ccf1df_6.0.7601.18837_none_fa3b1e3d17594757\COMCTL32.dll
0x000007fefe700000 - 0x000007fefe771000 	C:\Windows\system32\SHLWAPI.dll
0x000007fefdc70000 - 0x000007fefdc9e000 	C:\Windows\system32\IMM32.DLL
0x000007feffdc0000 - 0x000007feffec9000 	C:\Windows\system32\MSCTF.dll
0x0000000078a00000 - 0x0000000078ad2000 	C:\Program Files\Java\jdk1.8.0_161\jre\bin\msvcr100.dll
0x00000000701c0000 - 0x0000000070a5f000 	C:\Program Files\Java\jdk1.8.0_161\jre\bin\server\jvm.dll
0x000007fef72d0000 - 0x000007fef72d9000 	C:\Windows\system32\WSOCK32.dll
0x000007fefebe0000 - 0x000007fefec2d000 	C:\Windows\system32\WS2_32.dll
0x000007fefe2e0000 - 0x000007fefe2e8000 	C:\Windows\system32\NSI.dll
0x000007fefb5e0000 - 0x000007fefb61b000 	C:\Windows\system32\WINMM.dll
0x000007fefc990000 - 0x000007fefc99c000 	C:\Windows\system32\VERSION.dll
0x0000000077d80000 - 0x0000000077d87000 	C:\Windows\system32\PSAPI.DLL
0x0000000071850000 - 0x000000007185f000 	C:\Program Files\Java\jdk1.8.0_161\jre\bin\verify.dll
0x000000006d4e0000 - 0x000000006d509000 	C:\Program Files\Java\jdk1.8.0_161\jre\bin\java.dll
0x0000000070ca0000 - 0x0000000070cb6000 	C:\Program Files\Java\jdk1.8.0_161\jre\bin\zip.dll
0x000007feff030000 - 0x000007feffdba000 	C:\Windows\system32\SHELL32.dll
0x000007fefee30000 - 0x000007feff02c000 	C:\Windows\system32\ole32.dll
0x000007fefd8c0000 - 0x000007fefd8cf000 	C:\Windows\system32\profapi.dll
0x000007fefab40000 - 0x000007fefac65000 	C:\Windows\system32\dbghelp.dll

VM Arguments:
java_command: C:\Program Files (x86)\Android\android-sdk\build-tools\25.0.3\\lib\dx.jar --dex --no-strict --output obj\Debug\android\bin C:\Users\Shambhavi\source\repos\leave_app_admin\leave_appz\Leave_appz\Droid\obj\Debug\android\bin\classes.zip C:\Program Files (x86)\Microsoft Visual Studio\2017\Community\Common7\IDE\ReferenceAssemblies\Microsoft\Framework\MonoAndroid\v7.1\mono.android.jar obj\Debug\lp\0\jl\formsviewgroup.jar obj\Debug\lp\10\jl\bin\classes.jar obj\Debug\lp\11\jl\bin\classes.jar obj\Debug\lp\12\jl\bin\classes.jar obj\Debug\lp\13\jl\bin\classes.jar obj\Debug\lp\14\jl\bin\classes.jar obj\Debug\lp\15\jl\bin\classes.jar obj\Debug\lp\16\jl\bin\classes.jar obj\Debug\lp\17\jl\bin\classes.jar obj\Debug\lp\18\jl\bin\classes.jar obj\Debug\lp\19\jl\bin\classes.jar obj\Debug\lp\4\jl\bin\classes.jar obj\Debug\lp\6\jl\bin\classes.jar obj\Debug\lp\7\jl\bin\classes.jar obj\Debug\lp\8\jl\bin\classes.jar obj\Debug\lp\9\jl\bin\classes.jar
java_class_path (initial): C:\Program Files (x86)\Android\android-sdk\build-tools\25.0.3\\lib\dx.jar
Launcher Type: SUN_STANDARD

Environment Variables:
PATH=C:\Program Files\Java\jdk1.8.0_161\bin;C:\Windows\system32;C:\Windows;C:\Windows\System32\Wbem;C:\Windows\System32\WindowsPowerShell\v1.0\;C:\Program Files\Intel\WiFi\bin\;C:\Program Files\Common Files\Intel\WirelessCommon\;C:\Program Files\dotnet\;C:\Program Files\Microsoft SQL Server\130\Tools\Binn\;C:\Program Files\Git\cmd;C:\Program Files\Intel\WiFi\bin\;C:\Program Files\Common Files\Intel\WirelessCommon\
USERNAME=Shambhavi
OS=Windows_NT
PROCESSOR_IDENTIFIER=Intel64 Family 6 Model 61 Stepping 4, GenuineIntel



---------------  S Y S T E M  ---------------

OS: Windows 7 , 64 bit Build 7601 (6.1.7601.23915)

CPU:total 2 (initial active 2) (2 cores per cpu, 1 threads per core) family 6 model 61 stepping 4, cmov, cx8, fxsr, mmx, sse, sse2, sse3, ssse3, sse4.1, sse4.2, popcnt, clmul, erms, 3dnowpref, lzcnt, tsc, tscinvbit

Memory: 4k page, physical 8297312k(4734708k free), swap 16592764k(12701448k free)

vm_info: Java HotSpot(TM) 64-Bit Server VM (25.161-b12) for windows-amd64 JRE (1.8.0_161-b12), built on Dec 19 2017 17:52:25 by "java_re" with MS VC++ 10.0 (VS2010)

time: Fri Apr 13 10:59:34 2018
elapsed time: 7 seconds (0d 0h 0m 7s)

